<?xml version="1.0" encoding="UTF-8"?>
<!-- Generated by org.testng.reporters.JUnitXMLReporter -->
<testsuite ignored="2" hostname="DESKTOP-R7CSGCQ" failures="0" tests="2" name="GRP-search bar selected" time="23.195" errors="0" timestamp="2023-03-11T21:56:13 AST">
  <testcase classname="MyClass_TestCases" name="SignIn" time="20.163"/>
  <testcase classname="MyClass_TestCases" name="SearchBarSelected" time="2.974"/>
  <testcase classname="MyClass_TestCases" name="SignUp" time="0.0">
    <ignored/>
  </testcase> <!-- SignUp -->
  <testcase classname="MyClass_TestCases" name="AddFiveItemsInHomePage" time="0.0">
    <ignored/>
  </testcase> <!-- AddFiveItemsInHomePage -->
</testsuite> <!-- GRP-search bar selected -->
