<?xml version="1.0" encoding="UTF-8"?>
<!-- Generated by org.testng.reporters.JUnitXMLReporter -->
<testsuite ignored="2" hostname="DESKTOP-R7CSGCQ" failures="0" tests="4" name="GRP-search bar selected,welcome in sign up,welcome sign in and buy products" time="183.357" errors="0" timestamp="2023-03-15T13:00:25 AST">
  <testcase classname="MyClass_TestCases" name="SignUp" time="33.375"/>
  <testcase classname="MyClass_TestCases" name="SignIn" time="18.79"/>
  <testcase classname="MyClass_TestCases" name="SearchBarSelected" time="3.885"/>
  <testcase classname="MyClass_TestCases" name="AddFiveItemsInHomePage" time="127.242"/>
  <testcase classname="MyClass_TestCases" name="myAcountOnReOrderInFiveTimes" time="0.0">
    <ignored/>
  </testcase> <!-- myAcountOnReOrderInFiveTimes -->
  <testcase classname="MyClass_TestCases" name="CheckoutPage" time="0.0">
    <ignored/>
  </testcase> <!-- CheckoutPage -->
</testsuite> <!-- GRP-search bar selected,welcome in sign up,welcome sign in and buy products -->
