<?xml version="1.0" encoding="UTF-8"?>
<!-- Generated by org.testng.reporters.JUnitXMLReporter -->
<testsuite ignored="2" hostname="DESKTOP-R7CSGCQ" failures="0" tests="1" name="GRP-welcome" time="14.476" errors="0" timestamp="2023-03-11T21:42:56 AST">
  <testcase classname="MyClass_TestCases" name="SignUp" time="14.422"/>
  <testcase classname="MyClass_TestCases" name="AddFiveItemsInHomePage" time="0.0">
    <ignored/>
  </testcase> <!-- AddFiveItemsInHomePage -->
  <testcase classname="MyClass_TestCases" name="SignIn" time="0.0">
    <ignored/>
  </testcase> <!-- SignIn -->
</testsuite> <!-- GRP-welcome -->
