<?xml version="1.0" encoding="UTF-8"?>
<!-- Generated by org.testng.reporters.JUnitXMLReporter -->
<testsuite ignored="2" hostname="DESKTOP-R7CSGCQ" failures="0" tests="2" name="GRP-welcome sign in" time="38.965" errors="0" timestamp="2023-03-11T21:53:48 AST">
  <testcase classname="MyClass_TestCases" name="SignIn" time="18.673"/>
  <testcase classname="MyClass_TestCases" name="AddFiveItemsInHomePage" time="20.229"/>
  <testcase classname="MyClass_TestCases" name="SignUp" time="0.0">
    <ignored/>
  </testcase> <!-- SignUp -->
  <testcase classname="MyClass_TestCases" name="SearchBarSelected" time="0.0">
    <ignored/>
  </testcase> <!-- SearchBarSelected -->
</testsuite> <!-- GRP-welcome sign in -->
