<?xml version="1.0" encoding="UTF-8"?>
<!-- Generated by org.testng.reporters.JUnitXMLReporter -->
<testsuite ignored="3" hostname="DESKTOP-R7CSGCQ" failures="0" tests="2" name="GRP-welcome sign in and buy products" time="51.498" errors="0" timestamp="2023-03-12T20:29:01 AST">
  <testcase classname="MyClass_TestCases" name="SignIn" time="13.188"/>
  <testcase classname="MyClass_TestCases" name="AddFiveItemsInHomePage" time="38.254"/>
  <testcase classname="MyClass_TestCases" name="SignUp" time="0.0">
    <ignored/>
  </testcase> <!-- SignUp -->
  <testcase classname="MyClass_TestCases" name="SearchBarSelected" time="0.0">
    <ignored/>
  </testcase> <!-- SearchBarSelected -->
  <testcase classname="MyClass_TestCases" name="CheckoutPage" time="0.0">
    <ignored/>
  </testcase> <!-- CheckoutPage -->
</testsuite> <!-- GRP-welcome sign in and buy products -->
